<?xml version="1.0" encoding="UTF-8"?>
<!-- Generated by org.testng.reporters.JUnitReportReporter -->
<testsuite skipped="0" hostname="ghildiyal-PC" name="pGTestCases.GenerateCardTest" tests="1" failures="0" timestamp="17 Feb 2020 03:47:07 GMT" time="21.081" errors="0">
  <testcase name="buyMethod" time="21.081" classname="pGTestCases.GenerateCardTest"/>
</testsuite> <!-- pGTestCases.GenerateCardTest -->
