<?xml version="1.0" encoding="UTF-8"?>
<!-- Generated by org.testng.reporters.JUnitReportReporter -->
<testsuite skipped="0" hostname="ghildiyal-PC" name="pGTestCases.cardNumberTest" tests="1" failures="0" timestamp="23 Feb 2020 08:47:10 GMT" time="34.223" errors="0">
  <testcase name="creditMethod" time="34.223" classname="pGTestCases.cardNumberTest"/>
</testsuite> <!-- pGTestCases.cardNumberTest -->
