<?xml version="1.0" encoding="UTF-8"?>
<!-- Generated by org.testng.reporters.JUnitReportReporter -->
<testsuite skipped="0" hostname="ghildiyal-PC" name="pGTestCases.GenerateCardTest" tests="1" failures="0" timestamp="04 Mar 2020 04:46:36 GMT" time="28.906" errors="0">
  <testcase name="priceCheck" time="28.906" classname="pGTestCases.GenerateCardTest"/>
</testsuite> <!-- pGTestCases.GenerateCardTest -->
