<?xml version="1.0" encoding="UTF-8"?>
<!-- Generated by org.testng.reporters.JUnitReportReporter -->
<testsuite skipped="0" hostname="ghildiyal-PC" name="pGTestCases.homePageTest" tests="2" failures="0" timestamp="16 Feb 2020 17:52:06 GMT" time="81.374" errors="0">
  <testcase name="homePageCartMethod" time="52.167" classname="pGTestCases.homePageTest"/>
  <testcase name="verifyTitle" time="29.207" classname="pGTestCases.homePageTest"/>
</testsuite> <!-- pGTestCases.homePageTest -->
